# JRE version: Java(TM) SE Runtime Environment (8.0_191-b12) (build 1.8.0_191-b12)
# Java VM: Java HotSpot(TM) Client VM (25.191-b12 mixed mode windows-x86 )
Heap:
 def new generation   total 39424K, used 36310K [0x04800000, 0x072c0000, 0x0f2a0000)
  eden space 35072K,  91% used [0x04800000, 0x06735bf0, 0x06a40000)
  from space 4352K, 100% used [0x06e80000, 0x072c0000, 0x072c0000)
  to   space 4352K,   0% used [0x06a40000, 0x06a40000, 0x06e80000)
 tenured generation   total 87424K, used 40658K [0x0f2a0000, 0x14800000, 0x24800000)
   the space 87424K,  46% used [0x0f2a0000, 0x11a548a0, 0x11a54a00, 0x14800000)
 Metaspace       used 21423K, capacity 22054K, committed 22144K, reserved 22912K
GC Heap History (10 events):
Event: 1.612 GC heap before
{Heap before GC invocations=2 (full 0):
 def new generation   total 39296K, used 14609K [0x04800000, 0x072a0000, 0x0f2a0000)
  eden space 34944K,  29% used [0x04800000, 0x052046d8, 0x06a20000)
  from space 4352K, 100% used [0x06a20000, 0x06e60000, 0x06e60000)
  to   space 4352K,   0% used [0x06e60000, 0x06e60000, 0x072a0000)
 tenured generation   total 87424K, used 13270K [0x0f2a0000, 0x14800000, 0x24800000)
   the space 87424K,  15% used [0x0f2a0000, 0x0ff95a60, 0x0ff95c00, 0x14800000)
 Metaspace       used 11945K, capacity 12257K, committed 12288K, reserved 12672K
Event: 1.689 GC heap after
Heap after GC invocations=3 (full 1):
 def new generation   total 39424K, used 0K [0x04800000, 0x072c0000, 0x0f2a0000)
  eden space 35072K,   0% used [0x04800000, 0x04800000, 0x06a40000)
  from space 4352K,   0% used [0x06a40000, 0x06a40000, 0x06e80000)
  to   space 4352K,   0% used [0x06e80000, 0x06e80000, 0x072c0000)
 tenured generation   total 87424K, used 23365K [0x0f2a0000, 0x14800000, 0x24800000)
   the space 87424K,  26% used [0x0f2a0000, 0x10971760, 0x10971800, 0x14800000)
 Metaspace       used 11945K, capacity 12257K, committed 12288K, reserved 12672K
}
Event: 10.977 GC heap before
{Heap before GC invocations=3 (full 1):
 def new generation   total 39424K, used 35072K [0x04800000, 0x072c0000, 0x0f2a0000)
  eden space 35072K, 100% used [0x04800000, 0x06a40000, 0x06a40000)
  from space 4352K,   0% used [0x06a40000, 0x06a40000, 0x06e80000)
  to   space 4352K,   0% used [0x06e80000, 0x06e80000, 0x072c0000)
 tenured generation   total 87424K, used 23365K [0x0f2a0000, 0x14800000, 0x24800000)
   the space 87424K,  26% used [0x0f2a0000, 0x10971760, 0x10971800, 0x14800000)
 Metaspace       used 14408K, capacity 14888K, committed 14976K, reserved 15744K
Event: 10.992 GC heap after
Heap after GC invocations=4 (full 1):
 def new generation   total 39424K, used 3375K [0x04800000, 0x072c0000, 0x0f2a0000)
  eden space 35072K,   0% used [0x04800000, 0x04800000, 0x06a40000)
  from space 4352K,  77% used [0x06e80000, 0x071cbf58, 0x072c0000)
  to   space 4352K,   0% used [0x06a40000, 0x06a40000, 0x06e80000)
 tenured generation   total 87424K, used 23365K [0x0f2a0000, 0x14800000, 0x24800000)
   the space 87424K,  26% used [0x0f2a0000, 0x10971760, 0x10971800, 0x14800000)
 Metaspace       used 14408K, capacity 14888K, committed 14976K, reserved 15744K
}
Event: 72.563 GC heap before
{Heap before GC invocations=4 (full 1):
 def new generation   total 39424K, used 38447K [0x04800000, 0x072c0000, 0x0f2a0000)
  eden space 35072K, 100% used [0x04800000, 0x06a40000, 0x06a40000)
  from space 4352K,  77% used [0x06e80000, 0x071cbf58, 0x072c0000)
  to   space 4352K,   0% used [0x06a40000, 0x06a40000, 0x06e80000)
 tenured generation   total 87424K, used 23365K [0x0f2a0000, 0x14800000, 0x24800000)
   the space 87424K,  26% used [0x0f2a0000, 0x10971760, 0x10971800, 0x14800000)
 Metaspace       used 19067K, capacity 19619K, committed 19712K, reserved 19840K
Event: 72.595 GC heap after
Heap after GC invocations=5 (full 1):
 def new generation   total 39424K, used 4352K [0x04800000, 0x072c0000, 0x0f2a0000)
  eden space 35072K,   0% used [0x04800000, 0x04800000, 0x06a40000)
  from space 4352K, 100% used [0x06a40000, 0x06e80000, 0x06e80000)
  to   space 4352K,   0% used [0x06e80000, 0x06e80000, 0x072c0000)
 tenured generation   total 87424K, used 28256K [0x0f2a0000, 0x14800000, 0x24800000)
   the space 87424K,  32% used [0x0f2a0000, 0x10e380e0, 0x10e38200, 0x14800000)
 Metaspace       used 19067K, capacity 19619K, committed 19712K, reserved 19840K
}
Event: 74.270 GC heap before
{Heap before GC invocations=5 (full 1):
 def new generation   total 39424K, used 20337K [0x04800000, 0x072c0000, 0x0f2a0000)
  eden space 35072K,  45% used [0x04800000, 0x0579c628, 0x06a40000)
  from space 4352K, 100% used [0x06a40000, 0x06e80000, 0x06e80000)
  to   space 4352K,   0% used [0x06e80000, 0x06e80000, 0x072c0000)
 tenured generation   total 87424K, used 28256K [0x0f2a0000, 0x14800000, 0x24800000)
   the space 87424K,  32% used [0x0f2a0000, 0x10e380e0, 0x10e38200, 0x14800000)
 Metaspace       used 19920K, capacity 20442K, committed 20480K, reserved 20864K
Event: 74.355 GC heap after
Heap after GC invocations=6 (full 2):
 def new generation   total 39424K, used 0K [0x04800000, 0x072c0000, 0x0f2a0000)
  eden space 35072K,   0% used [0x04800000, 0x04800000, 0x06a40000)
  from space 4352K,   0% used [0x06a40000, 0x06a40000, 0x06e80000)
  to   space 4352K,   0% used [0x06e80000, 0x06e80000, 0x072c0000)
 tenured generation   total 87424K, used 30456K [0x0f2a0000, 0x14800000, 0x24800000)
   the space 87424K,  34% used [0x0f2a0000, 0x1105e110, 0x1105e200, 0x14800000)
 Metaspace       used 19920K, capacity 20442K, committed 20480K, reserved 20864K
}
Event: 76.224 GC heap before
{Heap before GC invocations=6 (full 2):
 def new generation   total 39424K, used 35072K [0x04800000, 0x072c0000, 0x0f2a0000)
  eden space 35072K, 100% used [0x04800000, 0x06a40000, 0x06a40000)
  from space 4352K,   0% used [0x06a40000, 0x06a40000, 0x06e80000)
  to   space 4352K,   0% used [0x06e80000, 0x06e80000, 0x072c0000)
 tenured generation   total 87424K, used 30456K [0x0f2a0000, 0x14800000, 0x24800000)
   the space 87424K,  34% used [0x0f2a0000, 0x1105e110, 0x1105e200, 0x14800000)
 Metaspace       used 20857K, capacity 21448K, committed 21504K, reserved 21888K
Event: 76.264 GC heap after
Heap after GC invocations=7 (full 2):
 def new generation   total 39424K, used 4352K [0x04800000, 0x072c0000, 0x0f2a0000)
  eden space 35072K,   0% used [0x04800000, 0x04800000, 0x06a40000)
  from space 4352K, 100% used [0x06e80000, 0x072c0000, 0x072c0000)
  to   space 4352K,   0% used [0x06a40000, 0x06a40000, 0x06e80000)
 tenured generation   total 87424K, used 40658K [0x0f2a0000, 0x14800000, 0x24800000)
   the space 87424K,  46% used [0x0f2a0000, 0x11a548a0, 0x11a54a00, 0x14800000)
 Metaspace       used 20857K, capacity 21448K, committed 21504K, reserved 21888K
}

